<?xml version="1.0" encoding="UTF-8"?>
<!-- Generated by org.testng.reporters.JUnitReportReporter -->
<testsuite hostname="LapWinX-DAC104" failures="0" tests="1" name="TestFunctions.IB_AddBiller" time="7.519" errors="0" timestamp="2021-10-13T23:44:08 IST" skipped="0">
  <testcase classname="TestFunctions.IB_AddBiller" name="addBiller" time="7.519"/>
  <system-out/>
</testsuite> <!-- TestFunctions.IB_AddBiller -->
