<?xml version="1.0" encoding="UTF-8"?>
<!-- Generated by org.testng.reporters.JUnitReportReporter -->
<testsuite hostname="LapWinX-DAC104" failures="0" tests="1" name="TestFunctions.IB_Login" time="10.292" errors="0" timestamp="2021-10-14T07:48:11 IST" skipped="0">
  <testcase classname="TestFunctions.IB_Login" name="verifyLogin" time="10.292"/>
  <system-out/>
</testsuite> <!-- TestFunctions.IB_Login -->
