<?xml version="1.0" encoding="UTF-8"?>
<!-- Generated by org.testng.reporters.JUnitReportReporter -->
<testsuite skipped="0" hostname="TSPL-DEV233" name="TestCase.TC1" tests="1" failures="0" timestamp="2020-07-07T09:40:09 IST" time="0.010" errors="0">
  <testcase name="Test1" time="0.010" classname="TestCase.TC1"/>
  <system-out/>
</testsuite> <!-- TestCase.TC1 -->
