<?xml version="1.0" encoding="UTF-8"?>
<!-- Generated by org.testng.reporters.JUnitReportReporter -->
<testsuite skipped="0" hostname="TSPL-DEV233" name="TestCase.TC" tests="1" failures="0" timestamp="2020-07-16T15:29:01 IST" time="176.620" errors="0">
  <testcase name="TC1" time="176.620" classname="TestCase.TC"/>
  <system-out/>
</testsuite> <!-- TestCase.TC -->
