<?xml version="1.0" encoding="UTF-8"?>
<!-- Generated by org.testng.reporters.JUnitReportReporter -->
<testsuite skipped="0" hostname="TSPL-DEV233" name="TestCase.CustomerAppLogin" tests="1" failures="0" timestamp="2020-07-08T11:03:37 IST" time="17.914" errors="0">
  <testcase name="Login" time="17.914" classname="TestCase.CustomerAppLogin"/>
  <system-out/>
</testsuite> <!-- TestCase.CustomerAppLogin -->
