<?xml version="1.0" encoding="UTF-8"?>
<!-- Generated by org.testng.reporters.JUnitReportReporter -->
<testsuite skipped="1" hostname="TSPL-DEV233" name="TestFunctions.CustomerAppPlaceOrder" tests="10" failures="0" timestamp="2020-07-22T08:47:49 IST" time="144.260" errors="0">
  <testcase name="VerifyLogin" time="10.547" classname="TestFunctions.CustomerAppPlaceOrder"/>
  <system-out/>
  <testcase name="AddPicupAddressDetails" time="11.932" classname="TestFunctions.CustomerAppPlaceOrder"/>
  <system-out/>
  <testcase name="AddDeliveryAddressDetails" time="19.348" classname="TestFunctions.CustomerAppPlaceOrder"/>
  <system-out/>
  <testcase name="AddProductDetails" time="27.855" classname="TestFunctions.CustomerAppPlaceOrder"/>
  <system-out/>
  <testcase name="VerifySenderDetails" time="6.114" classname="TestFunctions.CustomerAppPlaceOrder"/>
  <system-out/>
  <testcase name="VerifyReceiverDetails" time="5.092" classname="TestFunctions.CustomerAppPlaceOrder"/>
  <system-out/>
  <testcase name="VerifyProductDetails" time="26.949" classname="TestFunctions.CustomerAppPlaceOrder"/>
  <system-out/>
  <testcase name="PlaceOrder" time="7.848" classname="TestFunctions.CustomerAppPlaceOrder"/>
  <system-out/>
  <testcase name="CancelPlacedOrder" time="28.575" classname="TestFunctions.CustomerAppPlaceOrder"/>
  <system-out/>
  <testcase name="Logout" classname="TestFunctions.CustomerAppPlaceOrder">
    <skipped/>
  </testcase> <!-- Logout -->
  <system-out/>
</testsuite> <!-- TestFunctions.CustomerAppPlaceOrder -->
