<?xml version="1.0" encoding="UTF-8"?>
<!-- Generated by org.testng.reporters.JUnitReportReporter -->
<testsuite skipped="0" hostname="TSPL-DEV233" name="TestFunctions.DriverAppFunctions" tests="1" failures="0" timestamp="2020-07-12T13:21:03 IST" time="16.641" errors="0">
  <testcase name="LoginDriverApp" time="16.641" classname="TestFunctions.DriverAppFunctions"/>
  <system-out/>
</testsuite> <!-- TestFunctions.DriverAppFunctions -->
