<?xml version="1.0" encoding="UTF-8"?>
<!-- Generated by org.testng.reporters.JUnitReportReporter -->
<testsuite skipped="0" hostname="TSPL-DEV233" name="TestPack.TestCase2" tests="1" failures="0" timestamp="2020-03-10T13:03:40 IST" time="30.193" errors="0">
  <testcase name="signUp" time="30.193" classname="TestPack.TestCase2"/>
  <system-out/>
</testsuite> <!-- TestPack.TestCase2 -->
