<?xml version="1.0" encoding="UTF-8"?>
<!-- Generated by org.testng.reporters.JUnitReportReporter -->
<testsuite skipped="0" hostname="TSPL-DEV233" name="TestPack.BaseClass" tests="1" failures="0" timestamp="2020-03-06T13:59:15 IST" time="10.566" errors="0">
  <testcase name="Capabilities" time="10.566" classname="TestPack.BaseClass"/>
  <system-out/>
</testsuite> <!-- TestPack.BaseClass -->
