<?xml version="1.0" encoding="UTF-8"?>
<!-- Generated by org.testng.reporters.JUnitReportReporter -->
<testsuite hostname="LapWinX-DAC104" failures="0" tests="40" name="Function.SendEmail_Sales" time="193.626" errors="0" timestamp="04 Feb 2022 09:42:51 GMT" skipped="0">
  <testcase classname="Function.SendEmail_Sales" name="SendMultipleEmails" time="4.515"/>
  <testcase classname="Function.SendEmail_Sales" name="SendMultipleEmails" time="3.991"/>
  <testcase classname="Function.SendEmail_Sales" name="SendMultipleEmails" time="4.543"/>
  <testcase classname="Function.SendEmail_Sales" name="SendMultipleEmails" time="4.414"/>
  <testcase classname="Function.SendEmail_Sales" name="SendMultipleEmails" time="4.809"/>
  <testcase classname="Function.SendEmail_Sales" name="SendMultipleEmails" time="4.569"/>
  <testcase classname="Function.SendEmail_Sales" name="SendMultipleEmails" time="5.632"/>
  <testcase classname="Function.SendEmail_Sales" name="SendMultipleEmails" time="4.569"/>
  <testcase classname="Function.SendEmail_Sales" name="SendMultipleEmails" time="4.604"/>
  <testcase classname="Function.SendEmail_Sales" name="SendMultipleEmails" time="4.884"/>
  <testcase classname="Function.SendEmail_Sales" name="SendMultipleEmails" time="6.721"/>
  <testcase classname="Function.SendEmail_Sales" name="SendMultipleEmails" time="4.439"/>
  <testcase classname="Function.SendEmail_Sales" name="SendMultipleEmails" time="4.291"/>
  <testcase classname="Function.SendEmail_Sales" name="SendMultipleEmails" time="6.379"/>
  <testcase classname="Function.SendEmail_Sales" name="SendMultipleEmails" time="5.821"/>
  <testcase classname="Function.SendEmail_Sales" name="SendMultipleEmails" time="4.343"/>
  <testcase classname="Function.SendEmail_Sales" name="SendMultipleEmails" time="4.603"/>
  <testcase classname="Function.SendEmail_Sales" name="SendMultipleEmails" time="4.841"/>
  <testcase classname="Function.SendEmail_Sales" name="SendMultipleEmails" time="4.795"/>
  <testcase classname="Function.SendEmail_Sales" name="SendMultipleEmails" time="4.981"/>
  <testcase classname="Function.SendEmail_Sales" name="SendMultipleEmails" time="4.700"/>
  <testcase classname="Function.SendEmail_Sales" name="SendMultipleEmails" time="4.814"/>
  <testcase classname="Function.SendEmail_Sales" name="SendMultipleEmails" time="4.124"/>
  <testcase classname="Function.SendEmail_Sales" name="SendMultipleEmails" time="5.349"/>
  <testcase classname="Function.SendEmail_Sales" name="SendMultipleEmails" time="4.732"/>
  <testcase classname="Function.SendEmail_Sales" name="SendMultipleEmails" time="5.527"/>
  <testcase classname="Function.SendEmail_Sales" name="SendMultipleEmails" time="4.014"/>
  <testcase classname="Function.SendEmail_Sales" name="SendMultipleEmails" time="4.691"/>
  <testcase classname="Function.SendEmail_Sales" name="SendMultipleEmails" time="4.795"/>
  <testcase classname="Function.SendEmail_Sales" name="SendMultipleEmails" time="5.452"/>
  <testcase classname="Function.SendEmail_Sales" name="SendMultipleEmails" time="4.789"/>
  <testcase classname="Function.SendEmail_Sales" name="SendMultipleEmails" time="4.455"/>
  <testcase classname="Function.SendEmail_Sales" name="SendMultipleEmails" time="4.837"/>
  <testcase classname="Function.SendEmail_Sales" name="SendMultipleEmails" time="4.662"/>
  <testcase classname="Function.SendEmail_Sales" name="SendMultipleEmails" time="5.889"/>
  <testcase classname="Function.SendEmail_Sales" name="SendMultipleEmails" time="4.133"/>
  <testcase classname="Function.SendEmail_Sales" name="SendMultipleEmails" time="4.814"/>
  <testcase classname="Function.SendEmail_Sales" name="SendMultipleEmails" time="4.455"/>
  <testcase classname="Function.SendEmail_Sales" name="SendMultipleEmails" time="4.430"/>
  <testcase classname="Function.SendEmail_Sales" name="SendMultipleEmails" time="5.220"/>
</testsuite> <!-- Function.SendEmail_Sales -->
