<?xml version="1.0" encoding="UTF-8"?>
<!-- Generated by org.testng.reporters.JUnitReportReporter -->
<testsuite hostname="LapWinX-DAC104" failures="0" tests="3" name="Function.SendEmail" time="12.565" errors="0" timestamp="04 Feb 2022 05:47:04 GMT" skipped="0">
  <testcase classname="Function.SendEmail" name="SendMultipleEmails" time="3.962"/>
  <testcase classname="Function.SendEmail" name="SendMultipleEmails" time="3.980"/>
  <testcase classname="Function.SendEmail" name="SendMultipleEmails" time="4.623"/>
</testsuite> <!-- Function.SendEmail -->
