<?xml version="1.0" encoding="UTF-8"?>
<!-- Generated by org.testng.reporters.JUnitReportReporter -->
<testsuite skipped="0" hostname="DESKTOP-9N55AFQ" name="TestFunctions.Student_AuthenticateEvent" tests="1" failures="0" timestamp="2021-08-19T15:10:40 IST" time="6.600" errors="0">
  <testcase name="studentAuthenticateEvent" time="6.600" classname="TestFunctions.Student_AuthenticateEvent"/>
  <system-out/>
</testsuite> <!-- TestFunctions.Student_AuthenticateEvent -->
