<?xml version="1.0" encoding="UTF-8"?>
<!-- Generated by org.testng.reporters.JUnitReportReporter -->
<testsuite skipped="0" hostname="DESKTOP-9N55AFQ" name="TestFunctions.Staff_ClaimEvent" tests="1" failures="0" timestamp="2021-08-19T15:10:40 IST" time="6.420" errors="0">
  <testcase name="staffVerifyEventInCalendar" time="6.420" classname="TestFunctions.Staff_ClaimEvent"/>
  <system-out/>
</testsuite> <!-- TestFunctions.Staff_ClaimEvent -->
