<?xml version="1.0" encoding="UTF-8"?>
<!-- Generated by org.testng.reporters.JUnitReportReporter -->
<testsuite skipped="0" hostname="DESKTOP-9N55AFQ" name="TestFunctions.NewTest" tests="1" failures="0" timestamp="2021-08-17T17:54:48 IST" time="0.248" errors="0">
  <testcase name="verifyLogin" time="0.248" classname="TestFunctions.NewTest"/>
  <system-out/>
</testsuite> <!-- TestFunctions.NewTest -->
