<?xml version="1.0" encoding="UTF-8"?>
<!-- Generated by org.testng.reporters.JUnitReportReporter -->
<testsuite skipped="0" hostname="DESKTOP-9N55AFQ" name="TestFunctions.SettingsFunctions_Delete_SupportType" tests="1" failures="0" timestamp="2021-08-19T14:35:07 IST" time="5.065" errors="0">
  <testcase name="deleteSupportType" time="5.065" classname="TestFunctions.SettingsFunctions_Delete_SupportType"/>
  <system-out/>
</testsuite> <!-- TestFunctions.SettingsFunctions_Delete_SupportType -->
