<?xml version="1.0" encoding="UTF-8"?>
<!-- Generated by org.testng.reporters.JUnitReportReporter -->
<testsuite skipped="0" hostname="DESKTOP-9N55AFQ" name="TestFunctions.Student_MySupport" tests="1" failures="0" timestamp="2021-08-19T15:45:17 IST" time="1.240" errors="0">
  <testcase name="StudentsOnSupport" time="1.240" classname="TestFunctions.Student_MySupport"/>
  <system-out/>
</testsuite> <!-- TestFunctions.Student_MySupport -->
