<?xml version="1.0" encoding="UTF-8"?>
<!-- Generated by org.testng.reporters.JUnitReportReporter -->
<testsuite skipped="0" hostname="DESKTOP-9N55AFQ" name="TestFunctions.SettingsFunctions_Manage_FundingBody" tests="4" failures="0" timestamp="2021-08-19T14:35:07 IST" time="31.903" errors="0">
  <testcase name="addFundingBody" time="15.064" classname="TestFunctions.SettingsFunctions_Manage_FundingBody"/>
  <system-out/>
  <testcase name="updateStatus" time="5.212" classname="TestFunctions.SettingsFunctions_Manage_FundingBody"/>
  <system-out/>
  <testcase name="editFundingBody" time="6.389" classname="TestFunctions.SettingsFunctions_Manage_FundingBody"/>
  <system-out/>
  <testcase name="deleteFundingBody" time="5.238" classname="TestFunctions.SettingsFunctions_Manage_FundingBody"/>
  <system-out/>
</testsuite> <!-- TestFunctions.SettingsFunctions_Manage_FundingBody -->
