<?xml version="1.0" encoding="UTF-8"?>
<!-- Generated by org.testng.reporters.JUnitReportReporter -->
<testsuite skipped="0" hostname="DESKTOP-9N55AFQ" name="TestFunctions.ChangeDate_PostMethodMissed" tests="2" failures="0" timestamp="2021-08-19T15:24:16 IST" time="2.312" errors="0">
  <testcase name="login_method" time="2.102" classname="TestFunctions.ChangeDate_PostMethodMissed"/>
  <system-out/>
  <testcase name="changedate_method" time="0.210" classname="TestFunctions.ChangeDate_PostMethodMissed"/>
  <system-out/>
</testsuite> <!-- TestFunctions.ChangeDate_PostMethodMissed -->
