<?xml version="1.0" encoding="UTF-8"?>
<!-- Generated by org.testng.reporters.JUnitReportReporter -->
<testsuite skipped="0" hostname="DESKTOP-9N55AFQ" name="TestFunctions.Staff_CreateEvent_Joblist" tests="1" failures="0" timestamp="2021-08-19T15:32:47 IST" time="2.767" errors="0">
  <testcase name="Staff_CreateEvent_Joblist" time="2.767" classname="TestFunctions.Staff_CreateEvent_Joblist"/>
  <system-out/>
</testsuite> <!-- TestFunctions.Staff_CreateEvent_Joblist -->
