<?xml version="1.0" encoding="UTF-8"?>
<!-- Generated by org.testng.reporters.JUnitReportReporter -->
<testsuite skipped="0" hostname="DESKTOP-9N55AFQ" name="TestFunctions.Staff_ManageStaff_Availability_NeverRepeat" tests="1" failures="0" timestamp="2021-08-19T14:54:04 IST" time="29.595" errors="0">
  <testcase name="StaffAvailability_NeverRepeat" time="29.595" classname="TestFunctions.Staff_ManageStaff_Availability_NeverRepeat"/>
  <system-out/>
</testsuite> <!-- TestFunctions.Staff_ManageStaff_Availability_NeverRepeat -->
