<?xml version="1.0" encoding="UTF-8"?>
<!-- Generated by org.testng.reporters.JUnitReportReporter -->
<testsuite skipped="0" hostname="DESKTOP-9N55AFQ" name="TestFunctions.Staff_VerifyRecordedSessions" tests="1" failures="0" timestamp="2021-08-19T15:38:23 IST" time="3.646" errors="0">
  <testcase name="staffVerify_RecordedSessions" time="3.646" classname="TestFunctions.Staff_VerifyRecordedSessions"/>
  <system-out/>
</testsuite> <!-- TestFunctions.Staff_VerifyRecordedSessions -->
