<?xml version="1.0" encoding="UTF-8"?>
<!-- Generated by org.testng.reporters.JUnitReportReporter -->
<testsuite skipped="0" hostname="DESKTOP-9N55AFQ" name="TestFunctions.Login_Staff_FirstTime" tests="1" failures="0" timestamp="2021-08-19T14:38:25 IST" time="13.096" errors="0">
  <testcase name="firstTimeLogin" time="13.096" classname="TestFunctions.Login_Staff_FirstTime"/>
  <system-out/>
</testsuite> <!-- TestFunctions.Login_Staff_FirstTime -->
