<?xml version="1.0" encoding="UTF-8"?>
<!-- Generated by org.testng.reporters.JUnitReportReporter -->
<testsuite skipped="0" hostname="DESKTOP-9N55AFQ" name="TestFunctions.Student_CreateEvent_VerifySessionBookingBasedOnStaffAvailability_RepeatAlternateMonths" tests="1" failures="0" timestamp="2021-08-19T15:03:55 IST" time="6.445" errors="0">
  <testcase name="student_createevent_RepeatAlternateMonths" time="6.445" classname="TestFunctions.Student_CreateEvent_VerifySessionBookingBasedOnStaffAvailability_RepeatAlternateMonths"/>
  <system-out/>
</testsuite> <!-- TestFunctions.Student_CreateEvent_VerifySessionBookingBasedOnStaffAvailability_RepeatAlternateMonths -->
