<?xml version="1.0" encoding="UTF-8"?>
<!-- Generated by org.testng.reporters.JUnitReportReporter -->
<testsuite skipped="0" hostname="DESKTOP-9N55AFQ" name="TestFunctions.Student_CreateEvent_VerifySessionBookingBasedOnStaffAvailability_RepeatAlternateDays" tests="1" failures="0" timestamp="2021-08-19T14:59:55 IST" time="7.098" errors="0">
  <testcase name="student_createevent_RepeatAlternateDays" time="7.098" classname="TestFunctions.Student_CreateEvent_VerifySessionBookingBasedOnStaffAvailability_RepeatAlternateDays"/>
  <system-out/>
</testsuite> <!-- TestFunctions.Student_CreateEvent_VerifySessionBookingBasedOnStaffAvailability_RepeatAlternateDays -->
