<?xml version="1.0" encoding="UTF-8"?>
<!-- Generated by org.testng.reporters.JUnitReportReporter -->
<testsuite skipped="0" hostname="DESKTOP-9N55AFQ" name="TestFunctions.Staff_ManageStaff_Availability_RepeatAlternateDays" tests="1" failures="0" timestamp="2021-08-19T14:59:55 IST" time="16.025" errors="0">
  <testcase name="StaffAvailability_RepeatAlternateDays" time="16.025" classname="TestFunctions.Staff_ManageStaff_Availability_RepeatAlternateDays"/>
  <system-out/>
</testsuite> <!-- TestFunctions.Staff_ManageStaff_Availability_RepeatAlternateDays -->
