<?xml version="1.0" encoding="UTF-8"?>
<!-- Generated by org.testng.reporters.JUnitReportReporter -->
<testsuite skipped="0" hostname="DESKTOP-9N55AFQ" name="TestFunctions.ChangeDate_PostMethodNormal" tests="2" failures="0" timestamp="2021-08-19T15:10:40 IST" time="2.671" errors="0">
  <testcase name="login_method" time="2.522" classname="TestFunctions.ChangeDate_PostMethodNormal"/>
  <system-out/>
  <testcase name="changedate_method" time="0.149" classname="TestFunctions.ChangeDate_PostMethodNormal"/>
  <system-out/>
</testsuite> <!-- TestFunctions.ChangeDate_PostMethodNormal -->
