<?xml version="1.0" encoding="UTF-8"?>
<!-- Generated by org.testng.reporters.JUnitReportReporter -->
<testsuite skipped="0" hostname="DESKTOP-9N55AFQ" name="TestFunctions.Staff_ManageStaff_Availability_RepeatDaily" tests="1" failures="0" timestamp="2021-08-19T15:10:40 IST" time="15.569" errors="0">
  <testcase name="StaffAvailability_RepeatDaily" time="15.569" classname="TestFunctions.Staff_ManageStaff_Availability_RepeatDaily"/>
  <system-out/>
</testsuite> <!-- TestFunctions.Staff_ManageStaff_Availability_RepeatDaily -->
