<?xml version="1.0" encoding="UTF-8"?>
<!-- Generated by org.testng.reporters.JUnitReportReporter -->
<testsuite skipped="0" hostname="DESKTOP-9N55AFQ" name="TestFunctions.Student_CreateEvent_VerifySessionBookingBasedOnStaffAvailability_NeverRepeat" tests="1" failures="0" timestamp="2021-08-19T14:54:04 IST" time="6.731" errors="0">
  <testcase name="student_createevent_NeverRepeat" time="6.731" classname="TestFunctions.Student_CreateEvent_VerifySessionBookingBasedOnStaffAvailability_NeverRepeat"/>
  <system-out/>
</testsuite> <!-- TestFunctions.Student_CreateEvent_VerifySessionBookingBasedOnStaffAvailability_NeverRepeat -->
