<?xml version="1.0" encoding="UTF-8"?>
<!-- Generated by org.testng.reporters.JUnitReportReporter -->
<testsuite skipped="0" hostname="DESKTOP-9N55AFQ" name="TestFunctions.Staff_ManageStaff_Availability_OverlappedSlots" tests="1" failures="0" timestamp="2021-08-19T15:05:24 IST" time="17.794" errors="0">
  <testcase name="StaffAvailability_OverlappedSLots" time="17.794" classname="TestFunctions.Staff_ManageStaff_Availability_OverlappedSlots"/>
  <system-out/>
</testsuite> <!-- TestFunctions.Staff_ManageStaff_Availability_OverlappedSlots -->
