<?xml version="1.0" encoding="UTF-8"?>
<!-- Generated by org.testng.reporters.JUnitReportReporter -->
<testsuite skipped="0" hostname="DESKTOP-9N55AFQ" name="TestFunctions.Login_Student" tests="1" failures="0" timestamp="2021-08-19T15:45:17 IST" time="23.882" errors="0">
  <testcase name="verifyLogin" time="23.882" classname="TestFunctions.Login_Student"/>
  <system-out/>
</testsuite> <!-- TestFunctions.Login_Student -->
