<?xml version="1.0" encoding="UTF-8"?>
<!-- Generated by org.testng.reporters.JUnitReportReporter -->
<testsuite skipped="0" hostname="DESKTOP-9N55AFQ" name="TestFunctions.Logout" tests="2" failures="0" timestamp="2021-08-19T15:24:16 IST" time="10.046" errors="0">
  <testcase name="Logout" time="5.141" classname="TestFunctions.Logout"/>
  <system-out/>
  <testcase name="Logout" time="4.905" classname="TestFunctions.Logout"/>
  <system-out/>
</testsuite> <!-- TestFunctions.Logout -->
