<?xml version="1.0" encoding="UTF-8"?>
<!-- Generated by org.testng.reporters.JUnitReportReporter -->
<testsuite skipped="0" hostname="DESKTOP-9N55AFQ" name="TestFunctions.Student_CreateStudent" tests="1" failures="0" timestamp="2021-08-19T14:39:47 IST" time="28.525" errors="0">
  <testcase name="createStudentProfile" time="28.525" classname="TestFunctions.Student_CreateStudent"/>
  <system-out/>
</testsuite> <!-- TestFunctions.Student_CreateStudent -->
