<?xml version="1.0" encoding="UTF-8"?>
<!-- Generated by org.testng.reporters.JUnitReportReporter -->
<testsuite skipped="0" hostname="DESKTOP-9N55AFQ" name="TestFunctions.Student_CreateEvent_Missed" tests="1" failures="0" timestamp="2021-08-19T15:24:16 IST" time="5.552" errors="0">
  <testcase name="student_createevent" time="5.552" classname="TestFunctions.Student_CreateEvent_Missed"/>
  <system-out/>
</testsuite> <!-- TestFunctions.Student_CreateEvent_Missed -->
