<?xml version="1.0" encoding="UTF-8"?>
<!-- Generated by org.testng.reporters.JUnitReportReporter -->
<testsuite skipped="0" hostname="DESKTOP-9N55AFQ" name="TestFunctions.AdminProfileFunctions" tests="2" failures="0" timestamp="2021-08-19T14:35:07 IST" time="6.804" errors="0">
  <testcase name="verifyProfileDetails" time="0.836" classname="TestFunctions.AdminProfileFunctions"/>
  <system-out/>
  <testcase name="editProfile" time="5.968" classname="TestFunctions.AdminProfileFunctions"/>
  <system-out/>
</testsuite> <!-- TestFunctions.AdminProfileFunctions -->
