<?xml version="1.0" encoding="UTF-8"?>
<!-- Generated by org.testng.reporters.JUnitReportReporter -->
<testsuite skipped="0" hostname="DESKTOP-9N55AFQ" name="TestFunctions.SettingsFunctions_Manage_Institution" tests="4" failures="0" timestamp="2021-08-19T14:35:07 IST" time="24.276" errors="0">
  <testcase name="addInstitution" time="7.993" classname="TestFunctions.SettingsFunctions_Manage_Institution"/>
  <system-out/>
  <testcase name="updateStatus" time="5.133" classname="TestFunctions.SettingsFunctions_Manage_Institution"/>
  <system-out/>
  <testcase name="editInstitution" time="6.034" classname="TestFunctions.SettingsFunctions_Manage_Institution"/>
  <system-out/>
  <testcase name="deleteInstitution" time="5.116" classname="TestFunctions.SettingsFunctions_Manage_Institution"/>
  <system-out/>
</testsuite> <!-- TestFunctions.SettingsFunctions_Manage_Institution -->
