<?xml version="1.0" encoding="UTF-8"?>
<!-- Generated by org.testng.reporters.JUnitReportReporter -->
<testsuite skipped="0" hostname="DESKTOP-9N55AFQ" name="TestFunctions.Student_VerifyRecordedSessions" tests="1" failures="0" timestamp="2021-08-19T15:36:39 IST" time="3.533" errors="0">
  <testcase name="studentVerify_RecordedSessions" time="3.533" classname="TestFunctions.Student_VerifyRecordedSessions"/>
  <system-out/>
</testsuite> <!-- TestFunctions.Student_VerifyRecordedSessions -->
