<?xml version="1.0" encoding="UTF-8"?>
<!-- Generated by org.testng.reporters.JUnitReportReporter -->
<testsuite skipped="0" hostname="DESKTOP-9N55AFQ" name="TestFunctions.Login_NegativeVerifications" tests="1" failures="0" timestamp="2021-08-19T14:35:07 IST" time="3.234" errors="0">
  <testcase name="verifyNegativeLogin" time="3.234" classname="TestFunctions.Login_NegativeVerifications"/>
  <system-out/>
</testsuite> <!-- TestFunctions.Login_NegativeVerifications -->
