<?xml version="1.0" encoding="UTF-8"?>
<!-- Generated by org.testng.reporters.JUnitReportReporter -->
<testsuite skipped="0" hostname="DESKTOP-9N55AFQ" name="TestFunctions.Student_CreateEvent_VerifySessionBookingBasedOnStaffAvailability" tests="1" failures="0" timestamp="2021-08-09T15:04:58 IST" time="5.569" errors="0">
  <testcase name="student_createevent_NeverRepeat" time="5.569" classname="TestFunctions.Student_CreateEvent_VerifySessionBookingBasedOnStaffAvailability"/>
  <system-out/>
</testsuite> <!-- TestFunctions.Student_CreateEvent_VerifySessionBookingBasedOnStaffAvailability -->
