<?xml version="1.0" encoding="UTF-8"?>
<!-- Generated by org.testng.reporters.JUnitReportReporter -->
<testsuite skipped="0" hostname="DESKTOP-9N55AFQ" name="TestFunctions.Student_CreateEvent" tests="1" failures="0" timestamp="2021-08-19T15:10:40 IST" time="6.309" errors="0">
  <testcase name="student_createevent" time="6.309" classname="TestFunctions.Student_CreateEvent"/>
  <system-out/>
</testsuite> <!-- TestFunctions.Student_CreateEvent -->
