<?xml version="1.0" encoding="UTF-8"?>
<!-- Generated by org.testng.reporters.JUnitReportReporter -->
<testsuite skipped="0" hostname="DESKTOP-9N55AFQ" name="TestFunctions.Staff_StudentsOnSupport" tests="1" failures="0" timestamp="2021-08-19T15:40:47 IST" time="1.215" errors="0">
  <testcase name="StudentsOnSupport" time="1.215" classname="TestFunctions.Staff_StudentsOnSupport"/>
  <system-out/>
</testsuite> <!-- TestFunctions.Staff_StudentsOnSupport -->
