<?xml version="1.0" encoding="UTF-8"?>
<!-- Generated by org.testng.reporters.JUnitReportReporter -->
<testsuite skipped="0" hostname="DESKTOP-9N55AFQ" name="TestFunctions.Admin_VerifyRecordedSessions" tests="2" failures="0" timestamp="2021-08-19T15:38:52 IST" time="6.908" errors="0">
  <testcase name="AdminVerify_RecordedSessions_Staff" time="3.410" classname="TestFunctions.Admin_VerifyRecordedSessions"/>
  <system-out/>
  <testcase name="AdminVerify_RecordedSessions_Student" time="3.498" classname="TestFunctions.Admin_VerifyRecordedSessions"/>
  <system-out/>
</testsuite> <!-- TestFunctions.Admin_VerifyRecordedSessions -->
