<?xml version="1.0" encoding="UTF-8"?>
<!-- Generated by org.testng.reporters.JUnitReportReporter -->
<testsuite skipped="0" hostname="DESKTOP-9N55AFQ" name="TestFunctions.Staff_ManageStaff_Availability_RepeatAlternateMonths" tests="1" failures="0" timestamp="2021-08-19T15:03:55 IST" time="15.454" errors="0">
  <testcase name="StaffAvailability_RepeatAlternateDays" time="15.454" classname="TestFunctions.Staff_ManageStaff_Availability_RepeatAlternateMonths"/>
  <system-out/>
</testsuite> <!-- TestFunctions.Staff_ManageStaff_Availability_RepeatAlternateMonths -->
