<?xml version="1.0" encoding="UTF-8"?>
<!-- Generated by org.testng.reporters.JUnitReportReporter -->
<testsuite skipped="0" hostname="DESKTOP-9N55AFQ" name="TestFunctions.Admin_ReportsModule" tests="2" failures="0" timestamp="2021-08-24T14:12:16 IST" time="10.135" errors="0">
  <testcase name="verifyAdminReports_StaffListing" time="5.244" classname="TestFunctions.Admin_ReportsModule"/>
  <system-out/>
  <testcase name="verifyAdminReports_StudentListing" time="4.891" classname="TestFunctions.Admin_ReportsModule"/>
  <system-out/>
</testsuite> <!-- TestFunctions.Admin_ReportsModule -->
