<?xml version="1.0" encoding="UTF-8"?>
<!-- Generated by org.testng.reporters.JUnitReportReporter -->
<testsuite skipped="0" hostname="DESKTOP-9N55AFQ" name="TestFunctions.Staff_ManageStaff_Availability" tests="1" failures="0" timestamp="2021-07-30T12:46:40 IST" time="8.896" errors="0">
  <testcase name="StaffAvailability_NeverRepeat" time="8.896" classname="TestFunctions.Staff_ManageStaff_Availability"/>
  <system-out/>
</testsuite> <!-- TestFunctions.Staff_ManageStaff_Availability -->
