<?xml version="1.0" encoding="UTF-8"?>
<!-- Generated by org.testng.reporters.JUnitReportReporter -->
<testsuite skipped="0" hostname="DESKTOP-9N55AFQ" name="TestFunctions.Staff_CreateEvent" tests="1" failures="0" timestamp="2021-08-19T15:06:41 IST" time="5.816" errors="0">
  <testcase name="staff_createevent" time="5.816" classname="TestFunctions.Staff_CreateEvent"/>
  <system-out/>
</testsuite> <!-- TestFunctions.Staff_CreateEvent -->
