<?xml version="1.0" encoding="UTF-8"?>
<!-- Generated by org.testng.reporters.JUnitReportReporter -->
<testsuite skipped="0" hostname="DESKTOP-9N55AFQ" name="TestFunctions.SettingsFunctions_Manage_Role" tests="4" failures="0" timestamp="2021-08-19T14:35:07 IST" time="23.692" errors="0">
  <testcase name="addRole" time="7.750" classname="TestFunctions.SettingsFunctions_Manage_Role"/>
  <system-out/>
  <testcase name="updateStatus" time="5.043" classname="TestFunctions.SettingsFunctions_Manage_Role"/>
  <system-out/>
  <testcase name="editRole" time="5.767" classname="TestFunctions.SettingsFunctions_Manage_Role"/>
  <system-out/>
  <testcase name="deleteRole" time="5.132" classname="TestFunctions.SettingsFunctions_Manage_Role"/>
  <system-out/>
</testsuite> <!-- TestFunctions.SettingsFunctions_Manage_Role -->
