<?xml version="1.0" encoding="UTF-8"?>
<!-- Generated by org.testng.reporters.JUnitReportReporter -->
<testsuite skipped="0" hostname="DESKTOP-9N55AFQ" name="TestFunctions.Staff_AcceptEventMissed" tests="1" failures="0" timestamp="2021-08-19T15:24:16 IST" time="1.598" errors="0">
  <testcase name="acceptEventJoblist" time="1.598" classname="TestFunctions.Staff_AcceptEventMissed"/>
  <system-out/>
</testsuite> <!-- TestFunctions.Staff_AcceptEventMissed -->
