<?xml version="1.0" encoding="UTF-8"?>
<!-- Generated by org.testng.reporters.JUnitReportReporter -->
<testsuite skipped="0" hostname="DESKTOP-9N55AFQ" name="TestFunctions.Student_CreateEvent_VerifySessionBookingBasedOnStaffAvailability_RepeatDaily" tests="1" failures="0" timestamp="2021-08-19T14:55:16 IST" time="7.654" errors="0">
  <testcase name="student_createevent_NeverRepeat" time="7.654" classname="TestFunctions.Student_CreateEvent_VerifySessionBookingBasedOnStaffAvailability_RepeatDaily"/>
  <system-out/>
</testsuite> <!-- TestFunctions.Student_CreateEvent_VerifySessionBookingBasedOnStaffAvailability_RepeatDaily -->
